0 info it worked if it ends with ok
1 verbose cli [ '/usr/bin/nodejs',
1 verbose cli   '/usr/bin/npm',
1 verbose cli   'view',
1 verbose cli   '--json',
1 verbose cli   'lowdb',
1 verbose cli   'description',
1 verbose cli   'dist-tags.latest',
1 verbose cli   'homepage',
1 verbose cli   'version' ]
2 info using npm@1.3.10
3 info using node@v0.10.25
4 verbose url raw lowdb
5 verbose url resolving [ 'https://registry.npmjs.org/', './lowdb' ]
6 verbose url resolved https://registry.npmjs.org/lowdb
7 info trying registry request attempt 1 at 11:16:51
8 http GET https://registry.npmjs.org/lowdb
9 info retry will retry, error on last attempt: Error: CERT_UNTRUSTED
10 info trying registry request attempt 2 at 11:17:01
11 http GET https://registry.npmjs.org/lowdb
12 info retry will retry, error on last attempt: Error: CERT_UNTRUSTED
13 info trying registry request attempt 3 at 11:18:03
14 http GET https://registry.npmjs.org/lowdb
15 error Error: CERT_UNTRUSTED
15 error     at SecurePair.<anonymous> (tls.js:1370:32)
15 error     at SecurePair.EventEmitter.emit (events.js:92:17)
15 error     at SecurePair.maybeInitFinished (tls.js:982:10)
15 error     at CleartextStream.read [as _read] (tls.js:469:13)
15 error     at CleartextStream.Readable.read (_stream_readable.js:320:10)
15 error     at EncryptedStream.write [as _write] (tls.js:366:25)
15 error     at doWrite (_stream_writable.js:223:10)
15 error     at writeOrBuffer (_stream_writable.js:213:5)
15 error     at EncryptedStream.Writable.write (_stream_writable.js:180:11)
15 error     at write (_stream_readable.js:583:24)
16 error If you need help, you may report this log at:
16 error     <http://github.com/isaacs/npm/issues>
16 error or email it to:
16 error     <npm-@googlegroups.com>
17 error System Linux 4.2.0-27-generic
18 error command "/usr/bin/nodejs" "/usr/bin/npm" "view" "--json" "lowdb" "description" "dist-tags.latest" "homepage" "version"
19 error cwd /home/develop/Desktop/node
20 error node -v v0.10.25
21 error npm -v 1.3.10
22 verbose exit [ 1, true ]
